2023-04-03 08:40:07 info: =================================
2023-04-03 08:40:07 info: ======= ENV: development =======
2023-04-03 08:40:07 info: 🚀 App listening on the port 8080
2023-04-03 08:40:07 info: =================================
2023-04-03 08:40:12 info: =================================
2023-04-03 08:40:12 info: ======= ENV: development =======
2023-04-03 08:40:12 info: 🚀 App listening on the port 8080
2023-04-03 08:40:12 info: =================================
2023-04-03 08:44:03 info: =================================
2023-04-03 08:44:03 info: ======= ENV: development =======
2023-04-03 08:44:03 info: 🚀 App listening on the port 8080
2023-04-03 08:44:03 info: =================================
2023-04-03 08:45:13 info: =================================
2023-04-03 08:45:13 info: ======= ENV: development =======
2023-04-03 08:45:13 info: 🚀 App listening on the port 8080
2023-04-03 08:45:13 info: =================================
2023-04-03 08:46:53 info: =================================
2023-04-03 08:46:53 info: ======= ENV: development =======
2023-04-03 08:46:53 info: 🚀 App listening on the port 8080
2023-04-03 08:46:53 info: =================================
2023-04-03 08:48:15 info: =================================
2023-04-03 08:48:15 info: ======= ENV: development =======
2023-04-03 08:48:15 info: 🚀 App listening on the port 8080
2023-04-03 08:48:15 info: =================================
2023-04-03 08:48:24 info: =================================
2023-04-03 08:48:24 info: ======= ENV: development =======
2023-04-03 08:48:24 info: 🚀 App listening on the port 8080
2023-04-03 08:48:24 info: =================================
2023-04-03 08:48:51 info: =================================
2023-04-03 08:48:51 info: ======= ENV: development =======
2023-04-03 08:48:51 info: 🚀 App listening on the port 8080
2023-04-03 08:48:51 info: =================================
2023-04-03 08:49:50 info: =================================
2023-04-03 08:49:50 info: ======= ENV: development =======
2023-04-03 08:49:50 info: 🚀 App listening on the port 8080
2023-04-03 08:49:50 info: =================================
2023-04-03 08:50:05 info: =================================
2023-04-03 08:50:05 info: ======= ENV: development =======
2023-04-03 08:50:05 info: 🚀 App listening on the port 8080
2023-04-03 08:50:05 info: =================================
2023-04-03 08:53:18 info: =================================
2023-04-03 08:53:18 info: ======= ENV: development =======
2023-04-03 08:53:18 info: 🚀 App listening on the port 8080
2023-04-03 08:53:18 info: =================================
2023-04-03 08:53:45 info: =================================
2023-04-03 08:53:45 info: ======= ENV: development =======
2023-04-03 08:53:45 info: 🚀 App listening on the port 8080
2023-04-03 08:53:45 info: =================================
2023-04-03 08:54:08 info: =================================
2023-04-03 08:54:08 info: ======= ENV: development =======
2023-04-03 08:54:08 info: 🚀 App listening on the port 8080
2023-04-03 08:54:08 info: =================================
2023-04-03 08:54:32 info: =================================
2023-04-03 08:54:32 info: ======= ENV: development =======
2023-04-03 08:54:32 info: 🚀 App listening on the port 8080
2023-04-03 08:54:32 info: =================================
2023-04-03 08:54:40 error: [GET] /api/users >> StatusCode:: 500, Message:: this.user.findAllUser is not a function
2023-04-03 08:54:40 info: [0mGET /api/users [31m500[0m 12.917 ms - 53[0m
2023-04-03 08:56:32 info: =================================
2023-04-03 08:56:32 info: ======= ENV: development =======
2023-04-03 08:56:32 info: 🚀 App listening on the port 8080
2023-04-03 08:56:32 info: =================================
2023-04-03 08:56:35 error: [GET] /api/users >> StatusCode:: 500, Message:: Cannot read properties of undefined (reading 'findAllUser')
2023-04-03 08:56:35 info: [0mGET /api/users [31m500[0m 11.328 ms - 73[0m
2023-04-03 08:57:48 info: =================================
2023-04-03 08:57:48 info: ======= ENV: development =======
2023-04-03 08:57:48 info: 🚀 App listening on the port 8080
2023-04-03 08:57:48 info: =================================
2023-04-03 08:57:53 info: =================================
2023-04-03 08:57:53 info: ======= ENV: development =======
2023-04-03 08:57:53 info: 🚀 App listening on the port 8080
2023-04-03 08:57:53 info: =================================
2023-04-03 08:58:24 info: =================================
2023-04-03 08:58:24 info: ======= ENV: development =======
2023-04-03 08:58:24 info: 🚀 App listening on the port 8080
2023-04-03 08:58:24 info: =================================
2023-04-03 08:58:26 error: [GET] /api/users >> StatusCode:: 500, Message:: this.user.findAllUser is not a function
2023-04-03 08:58:26 info: [0mGET /api/users [31m500[0m 10.581 ms - 53[0m
2023-04-03 08:58:47 info: =================================
2023-04-03 08:58:47 info: ======= ENV: development =======
2023-04-03 08:58:47 info: 🚀 App listening on the port 8080
2023-04-03 08:58:47 info: =================================
2023-04-03 08:59:12 info: =================================
2023-04-03 08:59:12 info: ======= ENV: development =======
2023-04-03 08:59:12 info: 🚀 App listening on the port 8080
2023-04-03 08:59:12 info: =================================
2023-04-03 08:59:15 error: [GET] /api/users >> StatusCode:: 500, Message:: this.user.findAllUser is not a function
2023-04-03 08:59:15 info: [0mGET /api/users [31m500[0m 10.306 ms - 53[0m
2023-04-03 08:59:38 info: =================================
2023-04-03 08:59:38 info: ======= ENV: development =======
2023-04-03 08:59:38 info: 🚀 App listening on the port 8080
2023-04-03 08:59:38 info: =================================
2023-04-03 08:59:41 error: [GET] /api/users >> StatusCode:: 500, Message:: this.user.findAllUser is not a function
2023-04-03 08:59:41 info: [0mGET /api/users [31m500[0m 11.048 ms - 53[0m
2023-04-03 09:01:24 info: =================================
2023-04-03 09:01:24 info: ======= ENV: development =======
2023-04-03 09:01:24 info: 🚀 App listening on the port 8080
2023-04-03 09:01:24 info: =================================
2023-04-03 09:01:31 info: [0mGET /api/users [32m200[0m 63.908 ms - 31[0m
2023-04-03 09:01:47 info: =================================
2023-04-03 09:01:47 info: ======= ENV: development =======
2023-04-03 09:01:47 info: 🚀 App listening on the port 8080
2023-04-03 09:01:47 info: =================================
2023-04-03 09:02:03 info: =================================
2023-04-03 09:02:03 info: ======= ENV: development =======
2023-04-03 09:02:03 info: 🚀 App listening on the port 8080
2023-04-03 09:02:03 info: =================================
2023-04-03 09:02:07 info: =================================
2023-04-03 09:02:07 info: ======= ENV: development =======
2023-04-03 09:02:07 info: 🚀 App listening on the port 8080
2023-04-03 09:02:07 info: =================================
2023-04-03 09:02:17 info: =================================
2023-04-03 09:02:17 info: ======= ENV: development =======
2023-04-03 09:02:17 info: 🚀 App listening on the port 8080
2023-04-03 09:02:17 info: =================================
2023-04-03 09:02:21 info: =================================
2023-04-03 09:02:21 info: ======= ENV: development =======
2023-04-03 09:02:21 info: 🚀 App listening on the port 8080
2023-04-03 09:02:21 info: =================================
2023-04-03 09:02:28 info: =================================
2023-04-03 09:02:28 info: ======= ENV: development =======
2023-04-03 09:02:28 info: 🚀 App listening on the port 8080
2023-04-03 09:02:28 info: =================================
2023-04-03 09:02:32 info: =================================
2023-04-03 09:02:32 info: ======= ENV: development =======
2023-04-03 09:02:32 info: 🚀 App listening on the port 8080
2023-04-03 09:02:32 info: =================================
2023-04-03 09:02:44 info: [0mGET /api/users [32m200[0m 32.983 ms - 31[0m
2023-04-03 09:03:54 error: [POST] /api/users >> StatusCode:: 500, Message:: 
Invalid `prisma.user.findUnique()` invocation:

{
  where: {
    email: undefined,
?   id?: String
  }
}

Argument where of type UserWhereUniqueInput needs at least one argument. Available args are listed in green.

Note: Lines with ? are optional.

2023-04-03 09:03:54 info: [0mPOST /api/users [31m500[0m 27.245 ms - 277[0m
2023-04-03 09:04:45 error: [POST] /api/users >> StatusCode:: 500, Message:: 
Invalid `prisma.user.findUnique()` invocation:

{
  where: {
    email: undefined,
?   id?: String
  }
}

Argument where of type UserWhereUniqueInput needs at least one argument. Available args are listed in green.

Note: Lines with ? are optional.

2023-04-03 09:04:45 info: [0mPOST /api/users [31m500[0m 8.252 ms - 277[0m
2023-04-03 09:05:12 info: [0mGET /favicon.png [33m404[0m 5.574 ms - 150[0m
2023-04-03 09:05:16 info: [0mGET /home/test [33m404[0m 1.179 ms - 148[0m
2023-04-03 09:06:21 info: =================================
2023-04-03 09:06:21 info: ======= ENV: development =======
2023-04-03 09:06:21 info: 🚀 App listening on the port 8080
2023-04-03 09:06:21 info: =================================
