2023-04-03 08:35:02 error: uncaughtException: Cannot read properties of undefined (reading 'forEach')
TypeError: Cannot read properties of undefined (reading 'forEach')
    at App.initializeRoutes (file:///Users/owenroth/Desktop/LPL/projects/veritext-replacement-template/be/app.js:98:12)
    at new App (file:///Users/owenroth/Desktop/LPL/projects/veritext-replacement-template/be/app.js:30:10)
    at file:///Users/owenroth/Desktop/LPL/projects/veritext-replacement-template/be/server.js:10:13
    at ModuleJob.run (node:internal/modules/esm/module_job:193:25)
    at async Promise.all (index 0)
    at async ESMLoader.import (node:internal/modules/esm/loader:530:24)
    at async loadESM (node:internal/process/esm_loader:91:5)
    at async handleMainPromise (node:internal/modules/run_main:65:12)
2023-04-03 08:54:40 error: [GET] /api/users >> StatusCode:: 500, Message:: this.user.findAllUser is not a function
2023-04-03 08:56:35 error: [GET] /api/users >> StatusCode:: 500, Message:: Cannot read properties of undefined (reading 'findAllUser')
2023-04-03 08:58:01 error: uncaughtException: user is not defined
ReferenceError: user is not defined
    at getUsers (file:///Users/owenroth/Desktop/LPL/projects/veritext-replacement-template/be/src/controllers/users.controller.js:9:17)
    at Layer.handle [as handle_request] (/Users/owenroth/Desktop/LPL/projects/veritext-replacement-template/node_modules/express/lib/router/layer.js:95:5)
    at next (/Users/owenroth/Desktop/LPL/projects/veritext-replacement-template/node_modules/express/lib/router/route.js:144:13)
    at Route.dispatch (/Users/owenroth/Desktop/LPL/projects/veritext-replacement-template/node_modules/express/lib/router/route.js:114:3)
    at Layer.handle [as handle_request] (/Users/owenroth/Desktop/LPL/projects/veritext-replacement-template/node_modules/express/lib/router/layer.js:95:5)
    at /Users/owenroth/Desktop/LPL/projects/veritext-replacement-template/node_modules/express/lib/router/index.js:284:15
    at Function.process_params (/Users/owenroth/Desktop/LPL/projects/veritext-replacement-template/node_modules/express/lib/router/index.js:346:12)
    at next (/Users/owenroth/Desktop/LPL/projects/veritext-replacement-template/node_modules/express/lib/router/index.js:280:10)
    at Function.handle (/Users/owenroth/Desktop/LPL/projects/veritext-replacement-template/node_modules/express/lib/router/index.js:175:3)
    at router (/Users/owenroth/Desktop/LPL/projects/veritext-replacement-template/node_modules/express/lib/router/index.js:47:12)
2023-04-03 08:58:26 error: [GET] /api/users >> StatusCode:: 500, Message:: this.user.findAllUser is not a function
2023-04-03 08:58:49 error: uncaughtException: this.user.findAllUser is not a function
TypeError: this.user.findAllUser is not a function
    at getUsers (file:///Users/owenroth/Desktop/LPL/projects/veritext-replacement-template/be/src/controllers/users.controller.js:9:27)
    at Layer.handle [as handle_request] (/Users/owenroth/Desktop/LPL/projects/veritext-replacement-template/node_modules/express/lib/router/layer.js:95:5)
    at next (/Users/owenroth/Desktop/LPL/projects/veritext-replacement-template/node_modules/express/lib/router/route.js:144:13)
    at Route.dispatch (/Users/owenroth/Desktop/LPL/projects/veritext-replacement-template/node_modules/express/lib/router/route.js:114:3)
    at Layer.handle [as handle_request] (/Users/owenroth/Desktop/LPL/projects/veritext-replacement-template/node_modules/express/lib/router/layer.js:95:5)
    at /Users/owenroth/Desktop/LPL/projects/veritext-replacement-template/node_modules/express/lib/router/index.js:284:15
    at Function.process_params (/Users/owenroth/Desktop/LPL/projects/veritext-replacement-template/node_modules/express/lib/router/index.js:346:12)
    at next (/Users/owenroth/Desktop/LPL/projects/veritext-replacement-template/node_modules/express/lib/router/index.js:280:10)
    at Function.handle (/Users/owenroth/Desktop/LPL/projects/veritext-replacement-template/node_modules/express/lib/router/index.js:175:3)
    at router (/Users/owenroth/Desktop/LPL/projects/veritext-replacement-template/node_modules/express/lib/router/index.js:47:12)
2023-04-03 08:59:15 error: [GET] /api/users >> StatusCode:: 500, Message:: this.user.findAllUser is not a function
2023-04-03 08:59:41 error: [GET] /api/users >> StatusCode:: 500, Message:: this.user.findAllUser is not a function
2023-04-03 09:03:54 error: [POST] /api/users >> StatusCode:: 500, Message:: 
Invalid `prisma.user.findUnique()` invocation:

{
  where: {
    email: undefined,
?   id?: String
  }
}

Argument where of type UserWhereUniqueInput needs at least one argument. Available args are listed in green.

Note: Lines with ? are optional.

2023-04-03 09:04:45 error: [POST] /api/users >> StatusCode:: 500, Message:: 
Invalid `prisma.user.findUnique()` invocation:

{
  where: {
    email: undefined,
?   id?: String
  }
}

Argument where of type UserWhereUniqueInput needs at least one argument. Available args are listed in green.

Note: Lines with ? are optional.

