2023-03-31 11:31:49 error: uncaughtException: ErrorMiddleware is not defined
ReferenceError: ErrorMiddleware is not defined
    at App.initializeErrorHandling (file:///Users/owenroth/Desktop/LPL/projects/veritext-replacement-template/be/app.js:119:18)
    at new App (file:///Users/owenroth/Desktop/LPL/projects/veritext-replacement-template/be/app.js:37:10)
    at file:///Users/owenroth/Desktop/LPL/projects/veritext-replacement-template/be/server.js:10:13
    at ModuleJob.run (node:internal/modules/esm/module_job:193:25)
    at async Promise.all (index 0)
    at async ESMLoader.import (node:internal/modules/esm/loader:530:24)
    at async loadESM (node:internal/process/esm_loader:91:5)
    at async handleMainPromise (node:internal/modules/run_main:65:12)
2023-03-31 11:31:56 error: uncaughtException: ErrorMiddleware is not defined
ReferenceError: ErrorMiddleware is not defined
    at App.initializeErrorHandling (file:///Users/owenroth/Desktop/LPL/projects/veritext-replacement-template/be/app.js:119:18)
    at new App (file:///Users/owenroth/Desktop/LPL/projects/veritext-replacement-template/be/app.js:37:10)
    at file:///Users/owenroth/Desktop/LPL/projects/veritext-replacement-template/be/server.js:10:13
    at ModuleJob.run (node:internal/modules/esm/module_job:193:25)
    at async Promise.all (index 0)
    at async ESMLoader.import (node:internal/modules/esm/loader:530:24)
    at async loadESM (node:internal/process/esm_loader:91:5)
    at async handleMainPromise (node:internal/modules/run_main:65:12)
